<?xml version="1.0" encoding="UTF-8"?>
<!-- Generated by org.testng.reporters.JUnitXMLReporter -->
<testsuite hostname="Annie-PC" name="LoginTest" tests="13" failures="13" timestamp="7 Jul 2015 03:28:15 GMT" time="0.171" errors="0">
  <testcase name="ts" time="0.011" classname="com.annie.testcase.LoginTestURL">
    <failure type="java.lang.NoClassDefFoundError" message="com/google/common/base/Function">
      <![CDATA[java.lang.NoClassDefFoundError: com/google/common/base/Function
	at com.annie.testcase.LoginTestURL.prmap(LoginTestURL.java:35)
	at com.annie.testcase.LoginTestURL.ts(LoginTestURL.java:97)
Caused by: java.lang.ClassNotFoundException: com.google.common.base.Function
	at java.net.URLClassLoader.findClass(Unknown Source)
	at java.lang.ClassLoader.loadClass(Unknown Source)
	at sun.misc.Launcher$AppClassLoader.loadClass(Unknown Source)
	at java.lang.ClassLoader.loadClass(Unknown Source)
	... 25 more
... Removed 23 stack frames]]>
    </failure>
  </testcase> <!-- ts -->
  <testcase name="ts" time="0.0" classname="com.annie.testcase.LoginTestURL">
    <failure type="java.lang.NoClassDefFoundError" message="com/google/common/base/Function">
      <![CDATA[java.lang.NoClassDefFoundError: com/google/common/base/Function
	at com.annie.testcase.LoginTestURL.prmap(LoginTestURL.java:35)
	at com.annie.testcase.LoginTestURL.ts(LoginTestURL.java:97)
Caused by: java.lang.ClassNotFoundException: com.google.common.base.Function
	at java.net.URLClassLoader.findClass(Unknown Source)
	at java.lang.ClassLoader.loadClass(Unknown Source)
	at sun.misc.Launcher$AppClassLoader.loadClass(Unknown Source)
	at java.lang.ClassLoader.loadClass(Unknown Source)
	... 25 more
... Removed 23 stack frames]]>
    </failure>
  </testcase> <!-- ts -->
  <testcase name="ts" time="0.001" classname="com.annie.testcase.LoginTestURL">
    <failure type="java.lang.NoClassDefFoundError" message="com/google/common/base/Function">
      <![CDATA[java.lang.NoClassDefFoundError: com/google/common/base/Function
	at com.annie.testcase.LoginTestURL.prmap(LoginTestURL.java:35)
	at com.annie.testcase.LoginTestURL.ts(LoginTestURL.java:97)
Caused by: java.lang.ClassNotFoundException: com.google.common.base.Function
	at java.net.URLClassLoader.findClass(Unknown Source)
	at java.lang.ClassLoader.loadClass(Unknown Source)
	at sun.misc.Launcher$AppClassLoader.loadClass(Unknown Source)
	at java.lang.ClassLoader.loadClass(Unknown Source)
	... 25 more
... Removed 23 stack frames]]>
    </failure>
  </testcase> <!-- ts -->
  <testcase name="ts" time="0.0" classname="com.annie.testcase.LoginTestURL">
    <failure type="java.lang.NoClassDefFoundError" message="com/google/common/base/Function">
      <![CDATA[java.lang.NoClassDefFoundError: com/google/common/base/Function
	at com.annie.testcase.LoginTestURL.prmap(LoginTestURL.java:35)
	at com.annie.testcase.LoginTestURL.ts(LoginTestURL.java:97)
Caused by: java.lang.ClassNotFoundException: com.google.common.base.Function
	at java.net.URLClassLoader.findClass(Unknown Source)
	at java.lang.ClassLoader.loadClass(Unknown Source)
	at sun.misc.Launcher$AppClassLoader.loadClass(Unknown Source)
	at java.lang.ClassLoader.loadClass(Unknown Source)
	... 25 more
... Removed 23 stack frames]]>
    </failure>
  </testcase> <!-- ts -->
  <testcase name="ts" time="0.001" classname="com.annie.testcase.LoginTestURL">
    <failure type="java.lang.NoClassDefFoundError" message="com/google/common/base/Function">
      <![CDATA[java.lang.NoClassDefFoundError: com/google/common/base/Function
	at com.annie.testcase.LoginTestURL.prmap(LoginTestURL.java:35)
	at com.annie.testcase.LoginTestURL.ts(LoginTestURL.java:97)
Caused by: java.lang.ClassNotFoundException: com.google.common.base.Function
	at java.net.URLClassLoader.findClass(Unknown Source)
	at java.lang.ClassLoader.loadClass(Unknown Source)
	at sun.misc.Launcher$AppClassLoader.loadClass(Unknown Source)
	at java.lang.ClassLoader.loadClass(Unknown Source)
	... 25 more
... Removed 23 stack frames]]>
    </failure>
  </testcase> <!-- ts -->
  <testcase name="ts" time="0.0" classname="com.annie.testcase.LoginTestURL">
    <failure type="java.lang.NoClassDefFoundError" message="com/google/common/base/Function">
      <![CDATA[java.lang.NoClassDefFoundError: com/google/common/base/Function
	at com.annie.testcase.LoginTestURL.prmap(LoginTestURL.java:35)
	at com.annie.testcase.LoginTestURL.ts(LoginTestURL.java:97)
Caused by: java.lang.ClassNotFoundException: com.google.common.base.Function
	at java.net.URLClassLoader.findClass(Unknown Source)
	at java.lang.ClassLoader.loadClass(Unknown Source)
	at sun.misc.Launcher$AppClassLoader.loadClass(Unknown Source)
	at java.lang.ClassLoader.loadClass(Unknown Source)
	... 25 more
... Removed 23 stack frames]]>
    </failure>
  </testcase> <!-- ts -->
  <testcase name="ts" time="0.001" classname="com.annie.testcase.LoginTestURL">
    <failure type="java.lang.NoClassDefFoundError" message="com/google/common/base/Function">
      <![CDATA[java.lang.NoClassDefFoundError: com/google/common/base/Function
	at com.annie.testcase.LoginTestURL.prmap(LoginTestURL.java:35)
	at com.annie.testcase.LoginTestURL.ts(LoginTestURL.java:97)
Caused by: java.lang.ClassNotFoundException: com.google.common.base.Function
	at java.net.URLClassLoader.findClass(Unknown Source)
	at java.lang.ClassLoader.loadClass(Unknown Source)
	at sun.misc.Launcher$AppClassLoader.loadClass(Unknown Source)
	at java.lang.ClassLoader.loadClass(Unknown Source)
	... 25 more
... Removed 23 stack frames]]>
    </failure>
  </testcase> <!-- ts -->
  <testcase name="ts" time="0.0" classname="com.annie.testcase.LoginTestURL">
    <failure type="java.lang.NoClassDefFoundError" message="com/google/common/base/Function">
      <![CDATA[java.lang.NoClassDefFoundError: com/google/common/base/Function
	at com.annie.testcase.LoginTestURL.prmap(LoginTestURL.java:35)
	at com.annie.testcase.LoginTestURL.ts(LoginTestURL.java:97)
Caused by: java.lang.ClassNotFoundException: com.google.common.base.Function
	at java.net.URLClassLoader.findClass(Unknown Source)
	at java.lang.ClassLoader.loadClass(Unknown Source)
	at sun.misc.Launcher$AppClassLoader.loadClass(Unknown Source)
	at java.lang.ClassLoader.loadClass(Unknown Source)
	... 25 more
... Removed 23 stack frames]]>
    </failure>
  </testcase> <!-- ts -->
  <testcase name="ts" time="0.0" classname="com.annie.testcase.LoginTestURL">
    <failure type="java.lang.NoClassDefFoundError" message="com/google/common/base/Function">
      <![CDATA[java.lang.NoClassDefFoundError: com/google/common/base/Function
	at com.annie.testcase.LoginTestURL.prmap(LoginTestURL.java:35)
	at com.annie.testcase.LoginTestURL.ts(LoginTestURL.java:97)
Caused by: java.lang.ClassNotFoundException: com.google.common.base.Function
	at java.net.URLClassLoader.findClass(Unknown Source)
	at java.lang.ClassLoader.loadClass(Unknown Source)
	at sun.misc.Launcher$AppClassLoader.loadClass(Unknown Source)
	at java.lang.ClassLoader.loadClass(Unknown Source)
	... 25 more
... Removed 23 stack frames]]>
    </failure>
  </testcase> <!-- ts -->
  <testcase name="ts" time="0.0" classname="com.annie.testcase.LoginTestURL">
    <failure type="java.lang.NoClassDefFoundError" message="com/google/common/base/Function">
      <![CDATA[java.lang.NoClassDefFoundError: com/google/common/base/Function
	at com.annie.testcase.LoginTestURL.prmap(LoginTestURL.java:35)
	at com.annie.testcase.LoginTestURL.ts(LoginTestURL.java:97)
Caused by: java.lang.ClassNotFoundException: com.google.common.base.Function
	at java.net.URLClassLoader.findClass(Unknown Source)
	at java.lang.ClassLoader.loadClass(Unknown Source)
	at sun.misc.Launcher$AppClassLoader.loadClass(Unknown Source)
	at java.lang.ClassLoader.loadClass(Unknown Source)
	... 25 more
... Removed 23 stack frames]]>
    </failure>
  </testcase> <!-- ts -->
  <testcase name="ts" time="0.0" classname="com.annie.testcase.LoginTestURL">
    <failure type="java.lang.NoClassDefFoundError" message="com/google/common/base/Function">
      <![CDATA[java.lang.NoClassDefFoundError: com/google/common/base/Function
	at com.annie.testcase.LoginTestURL.prmap(LoginTestURL.java:35)
	at com.annie.testcase.LoginTestURL.ts(LoginTestURL.java:97)
Caused by: java.lang.ClassNotFoundException: com.google.common.base.Function
	at java.net.URLClassLoader.findClass(Unknown Source)
	at java.lang.ClassLoader.loadClass(Unknown Source)
	at sun.misc.Launcher$AppClassLoader.loadClass(Unknown Source)
	at java.lang.ClassLoader.loadClass(Unknown Source)
	... 25 more
... Removed 23 stack frames]]>
    </failure>
  </testcase> <!-- ts -->
  <testcase name="ts" time="0.001" classname="com.annie.testcase.LoginTestURL">
    <failure type="java.lang.NoClassDefFoundError" message="com/google/common/base/Function">
      <![CDATA[java.lang.NoClassDefFoundError: com/google/common/base/Function
	at com.annie.testcase.LoginTestURL.prmap(LoginTestURL.java:35)
	at com.annie.testcase.LoginTestURL.ts(LoginTestURL.java:97)
Caused by: java.lang.ClassNotFoundException: com.google.common.base.Function
	at java.net.URLClassLoader.findClass(Unknown Source)
	at java.lang.ClassLoader.loadClass(Unknown Source)
	at sun.misc.Launcher$AppClassLoader.loadClass(Unknown Source)
	at java.lang.ClassLoader.loadClass(Unknown Source)
	... 25 more
... Removed 23 stack frames]]>
    </failure>
  </testcase> <!-- ts -->
  <testcase name="ts" time="0.0" classname="com.annie.testcase.LoginTestURL">
    <failure type="java.lang.NoClassDefFoundError" message="com/google/common/base/Function">
      <![CDATA[java.lang.NoClassDefFoundError: com/google/common/base/Function
	at com.annie.testcase.LoginTestURL.prmap(LoginTestURL.java:35)
	at com.annie.testcase.LoginTestURL.ts(LoginTestURL.java:97)
Caused by: java.lang.ClassNotFoundException: com.google.common.base.Function
	at java.net.URLClassLoader.findClass(Unknown Source)
	at java.lang.ClassLoader.loadClass(Unknown Source)
	at sun.misc.Launcher$AppClassLoader.loadClass(Unknown Source)
	at java.lang.ClassLoader.loadClass(Unknown Source)
	... 25 more
... Removed 23 stack frames]]>
    </failure>
  </testcase> <!-- ts -->
</testsuite> <!-- LoginTest -->
